<?xml version="1.0" encoding="UTF-8"?>
<testsuite name="Suma de la calculadora" tests="3" skipped="0" failures="0" errors="0" timestamp="2020-12-10T02:04:05" hostname="ADL00067.local" time="0.237">
  <properties/>
  <testcase name="Suma de dos numeros de forma correcta." classname="Suma de la calculadora" time="0.063"/>
  <testcase name="Intento de suma con cantidad de parametros incorrecta" classname="Suma de la calculadora" time="0.09"/>
  <testcase name="Intento de suma con caracteres no validos" classname="Suma de la calculadora" time="0.073"/>
  <system-out><![CDATA[
@Test
Característica: Suma de la calculadora

  Esquema del escenario: Suma de dos numeros de forma correcta. ?[90m# src/test/resources/features/operaciones/suma.feature:6?[0m
    ?[36mDado que carlos proporciona dos numeros en la calculadora <a> y <b>?[0m
    ?[36mCuando solicite el resultado de la suma?[0m
    ?[36mEntonces la calculadora informara el resultado de la suma entre los dos numeros proporcionados?[0m

    Ejemplos: 

  @Test
  Esquema del escenario: Suma de dos numeros de forma correcta.                                    ?[90m# src/test/resources/features/operaciones/suma.feature:12?[0m
    ?[32mDado ?[0m?[32mque carlos proporciona dos numeros en la calculadora ?[0m?[32m?[1m1?[0m?[32m y ?[0m?[32m?[1m1?[0m                                ?[90m# OperacionesCalculadora.que_carlos_proporciona_dos_numeros_en_la_calculadora(int,int)?[0m
    ?[32mCuando ?[0m?[32msolicite el resultado de la suma?[0m                                                        ?[90m# OperacionesCalculadora.solicite_el_resultado_de_la_suma()?[0m
    ?[32mEntonces ?[0m?[32mla calculadora informara el resultado de la suma entre los dos numeros proporcionados?[0m ?[90m# OperacionesCalculadora.la_calculadora_informara_el_resultado_de_la_suma_entre_los_dos_numeros_proporcionados()?[0m

  Esquema del escenario: Intento de suma con cantidad de parametros incorrecta ?[90m# src/test/resources/features/operaciones/suma.feature:14?[0m
    ?[36mDado que carlos proporciona la cantidad de parametros incorrecta a la calculadora <a> y <b>?[0m
    ?[36mCuando solicite el resultado de la suma o la resta?[0m
    ?[36mEntonces la calculadora informara que la cantidad de numeros proporcionada no es valida?[0m

    Ejemplos: 

  @Test
  Esquema del escenario: Intento de suma con cantidad de parametros incorrecta                  ?[90m# src/test/resources/features/operaciones/suma.feature:20?[0m
    ?[32mDado ?[0m?[32mque carlos proporciona la cantidad de parametros incorrecta a la calculadora ?[0m?[32m?[1m1?[0m?[32m y ?[0m?[32m?[1m"abc"?[0m ?[90m# OperacionesCalculadora.que_carlos_proporciona_la_cantidad_de_parametros_incorrecta_a_la_calculadora(int,String)?[0m
    ?[32mCuando ?[0m?[32msolicite el resultado de la suma o la resta?[0m                                          ?[90m# OperacionesCalculadora.solicite_el_resultado_de_la_suma_o_la_resta()?[0m
    ?[32mEntonces ?[0m?[32mla calculadora informara que la cantidad de numeros proporcionada no es valida?[0m     ?[90m# OperacionesCalculadora.la_calculadora_informara_que_la_cantidad_de_numeros_proporcionada_no_es_valida()?[0m

  @Test
  Escenario: Intento de suma con caracteres no validos                                                      ?[90m# src/test/resources/features/operaciones/suma.feature:22?[0m
    ?[32mDado ?[0m?[32mque carlos proporciona en a la calculadora caracteres no validos como simbolos, vacios o texto?[0m     ?[90m# OperacionesCalculadora.que_carlos_proporciona_en_a_la_calculadora_caracteres_no_validos_como_simbolos_vacios_o_texto()?[0m
    ?[32mCuando ?[0m?[32msolicite el resultado de la suma o la resta?[0m                                                      ?[90m# OperacionesCalculadora.solicite_el_resultado_de_la_suma_o_la_resta()?[0m
    ?[32mEntonces ?[0m?[32mla calculadora informara que no puede realizar la suma por que debe digitar unicamente numeros?[0m ?[90m# OperacionesCalculadora.la_calculadora_informara_que_no_puede_realizar_la_suma_por_que_debe_digitar_unicamente_numeros()?[0m
]]></system-out>
  <system-err><![CDATA[[Test worker] INFO net.thucydides.core.steps.ConsoleLoggingListener - 
 _____ _____ ____ _____   ____ _____  _    ____ _____ _____ ____  
|_   _| ____/ ___|_   _| / ___|_   _|/ \  |  _ \_   _| ____|  _ \ 
  | | |  _| \___ \ | |   \___ \ | | / _ \ | |_) || | |  _| | | | |
  | | | |___ ___) || |    ___) || |/ ___ \|  _ < | | | |___| |_| |
  |_| |_____|____/ |_|   |____/ |_/_/   \_\_| \_\|_| |_____|____/ 
                                                                  

TEST STARTED: Suma de dos numeros de forma correcta.
-------------------------------------------------------------------(suma-de-la-calculadora;suma-de-dos-numeros-de-forma-correcta.)
[Test worker] INFO net.thucydides.core.steps.ConsoleLoggingListener - STARTING STEP Example: {a=1, b=1}
[Test worker] INFO net.thucydides.core.steps.ConsoleLoggingListener - STARTING STEP Dado que carlos proporciona dos numeros en la calculadora 1 y 1
[Test worker] INFO net.thucydides.core.steps.ConsoleLoggingListener - FINISHING STEP
[Test worker] INFO net.thucydides.core.steps.ConsoleLoggingListener - STARTING STEP Cuando solicite el resultado de la suma
[Test worker] INFO net.thucydides.core.steps.ConsoleLoggingListener - STARTING STEP Carlos sumar
[Test worker] INFO net.thucydides.core.steps.ConsoleLoggingListener - STARTING STEP Carlos executes a GET on the resource add?a=1&b=1
[Test worker] INFO net.thucydides.core.steps.ConsoleLoggingListener - FINISHING STEP
[Test worker] INFO net.thucydides.core.steps.ConsoleLoggingListener - FINISHING STEP
[Test worker] INFO net.thucydides.core.steps.ConsoleLoggingListener - FINISHING STEP
[Test worker] INFO net.thucydides.core.steps.ConsoleLoggingListener - STARTING STEP Entonces la calculadora informara el resultado de la suma entre los dos numeros proporcionados
[Test worker] INFO net.thucydides.core.steps.ConsoleLoggingListener - STARTING STEP For Carlos: La respuesta debe ser 200
[Test worker] INFO net.thucydides.core.steps.ConsoleLoggingListener - FINISHING STEP
[Test worker] INFO net.thucydides.core.steps.ConsoleLoggingListener - FINISHING STEP
[Test worker] INFO net.thucydides.core.steps.ConsoleLoggingListener - 
 _____ _____ ____ _____   ____ _____  _    ____ _____ _____ ____  
|_   _| ____/ ___|_   _| / ___|_   _|/ \  |  _ \_   _| ____|  _ \ 
  | | |  _| \___ \ | |   \___ \ | | / _ \ | |_) || | |  _| | | | |
  | | | |___ ___) || |    ___) || |/ ___ \|  _ < | | | |___| |_| |
  |_| |_____|____/ |_|   |____/ |_/_/   \_\_| \_\|_| |_____|____/ 
                                                                  

TEST STARTED: Intento de suma con cantidad de parametros incorrecta
-------------------------------------------------------------------(suma-de-la-calculadora;intento-de-suma-con-cantidad-de-parametros-incorrecta)
[Test worker] INFO net.thucydides.core.steps.ConsoleLoggingListener - STARTING STEP Example: {a=1, b="abc"}
[Test worker] INFO net.thucydides.core.steps.ConsoleLoggingListener - STARTING STEP Dado que carlos proporciona la cantidad de parametros incorrecta a la calculadora 1 y "abc"
[Test worker] INFO net.thucydides.core.steps.ConsoleLoggingListener - FINISHING STEP
[Test worker] INFO net.thucydides.core.steps.ConsoleLoggingListener - STARTING STEP Cuando solicite el resultado de la suma o la resta
[Test worker] INFO net.thucydides.core.steps.ConsoleLoggingListener - STARTING STEP Carlos sumar
[Test worker] INFO net.thucydides.core.steps.ConsoleLoggingListener - STARTING STEP Carlos executes a GET on the resource add?a=1&b=
[Test worker] INFO net.thucydides.core.steps.ConsoleLoggingListener - FINISHING STEP
[Test worker] INFO net.thucydides.core.steps.ConsoleLoggingListener - FINISHING STEP
[Test worker] INFO net.thucydides.core.steps.ConsoleLoggingListener - FINISHING STEP
[Test worker] INFO net.thucydides.core.steps.ConsoleLoggingListener - STARTING STEP Entonces la calculadora informara que la cantidad de numeros proporcionada no es valida
[Test worker] INFO net.thucydides.core.steps.ConsoleLoggingListener - STARTING STEP For Carlos: La respuesta debe ser 422
[Test worker] INFO net.thucydides.core.steps.ConsoleLoggingListener - FINISHING STEP
[Test worker] INFO net.thucydides.core.steps.ConsoleLoggingListener - FINISHING STEP
[Test worker] INFO net.thucydides.core.steps.ConsoleLoggingListener - 
 _____ _____ ____ _____   ____ _____  _    ____ _____ _____ ____  
|_   _| ____/ ___|_   _| / ___|_   _|/ \  |  _ \_   _| ____|  _ \ 
  | | |  _| \___ \ | |   \___ \ | | / _ \ | |_) || | |  _| | | | |
  | | | |___ ___) || |    ___) || |/ ___ \|  _ < | | | |___| |_| |
  |_| |_____|____/ |_|   |____/ |_/_/   \_\_| \_\|_| |_____|____/ 
                                                                  

TEST STARTED: Intento de suma con caracteres no validos
-------------------------------------------------------------------(suma-de-la-calculadora;intento-de-suma-con-caracteres-no-validos)
[Test worker] INFO net.thucydides.core.steps.ConsoleLoggingListener - STARTING STEP Dado que carlos proporciona en a la calculadora caracteres no validos como simbolos, vacios o texto
[Test worker] INFO net.thucydides.core.steps.ConsoleLoggingListener - FINISHING STEP
[Test worker] INFO net.thucydides.core.steps.ConsoleLoggingListener - STARTING STEP Cuando solicite el resultado de la suma o la resta
[Test worker] INFO net.thucydides.core.steps.ConsoleLoggingListener - STARTING STEP Carlos sumar
[Test worker] INFO net.thucydides.core.steps.ConsoleLoggingListener - STARTING STEP Carlos executes a GET on the resource add?a=1&b=
[Test worker] INFO net.thucydides.core.steps.ConsoleLoggingListener - FINISHING STEP
[Test worker] INFO net.thucydides.core.steps.ConsoleLoggingListener - FINISHING STEP
[Test worker] INFO net.thucydides.core.steps.ConsoleLoggingListener - FINISHING STEP
[Test worker] INFO net.thucydides.core.steps.ConsoleLoggingListener - STARTING STEP Entonces la calculadora informara que no puede realizar la suma por que debe digitar unicamente numeros
[Test worker] INFO net.thucydides.core.steps.ConsoleLoggingListener - STARTING STEP For Carlos: La respuesta debe ser 422
[Test worker] INFO net.thucydides.core.steps.ConsoleLoggingListener - FINISHING STEP
[Test worker] INFO net.thucydides.core.steps.ConsoleLoggingListener - FINISHING STEP
]]></system-err>
</testsuite>
