<?xml version="1.0" encoding="UTF-8"?>
<testsuite name="Resta de la calculadora" tests="1" skipped="0" failures="0" errors="0" timestamp="2020-12-10T02:04:02" hostname="ADL00067.local" time="3.533">
  <properties/>
  <testcase name="Resta de dos numeros de forma correcta." classname="Resta de la calculadora" time="3.533"/>
  <system-out><![CDATA[@Test
Característica: Resta de la calculadora

  Esquema del escenario: Resta de dos numeros de forma correcta. ?[90m# src/test/resources/features/operaciones/resta.feature:6?[0m
    ?[36mDado que carlos proporciona dos numeros en la calculadora <a> y <b>?[0m
    ?[36mCuando solicite el resultado de la resta?[0m
    ?[36mEntonces la calculadora informara el resultado de la resta entre los dos numeros proporcionados?[0m

    Ejemplos: 

  @Test
  Esquema del escenario: Resta de dos numeros de forma correcta.                                    ?[90m# src/test/resources/features/operaciones/resta.feature:12?[0m
    ?[32mDado ?[0m?[32mque carlos proporciona dos numeros en la calculadora ?[0m?[32m?[1m4?[0m?[32m y ?[0m?[32m?[1m2?[0m                                 ?[90m# OperacionesCalculadora.que_carlos_proporciona_dos_numeros_en_la_calculadora(int,int)?[0m
    ?[32mCuando ?[0m?[32msolicite el resultado de la resta?[0m                                                        ?[90m# OperacionesCalculadora.solicite_el_resultado_de_la_resta()?[0m
    ?[32mEntonces ?[0m?[32mla calculadora informara el resultado de la resta entre los dos numeros proporcionados?[0m ?[90m# OperacionesCalculadora.la_calculadora_informara_el_resultado_de_la_resta_entre_los_dos_numeros_proporcionados()?[0m
]]></system-out>
  <system-err><![CDATA[[Test worker] INFO net.thucydides.core.steps.ConsoleLoggingListener - 
 _____ _____ ____ _____   ____ _____  _    ____ _____ _____ ____  
|_   _| ____/ ___|_   _| / ___|_   _|/ \  |  _ \_   _| ____|  _ \ 
  | | |  _| \___ \ | |   \___ \ | | / _ \ | |_) || | |  _| | | | |
  | | | |___ ___) || |    ___) || |/ ___ \|  _ < | | | |___| |_| |
  |_| |_____|____/ |_|   |____/ |_/_/   \_\_| \_\|_| |_____|____/ 
                                                                  

TEST STARTED: Resta de dos numeros de forma correcta.
-------------------------------------------------------------------(resta-de-la-calculadora;resta-de-dos-numeros-de-forma-correcta.)
[Test worker] INFO net.thucydides.core.steps.ConsoleLoggingListener - STARTING STEP Example: {a=4, b=2}
[Test worker] INFO net.thucydides.core.steps.ConsoleLoggingListener - STARTING STEP Dado que carlos proporciona dos numeros en la calculadora 4 y 2
[Test worker] INFO net.thucydides.core.steps.ConsoleLoggingListener - FINISHING STEP
[Test worker] INFO net.thucydides.core.steps.ConsoleLoggingListener - STARTING STEP Cuando solicite el resultado de la resta
[Test worker] INFO net.thucydides.core.steps.ConsoleLoggingListener - STARTING STEP Carlos restar
[Test worker] INFO net.thucydides.core.steps.ConsoleLoggingListener - STARTING STEP Carlos executes a GET on the resource subtract?a=4&b=2
[Test worker] INFO net.thucydides.core.steps.ConsoleLoggingListener - FINISHING STEP
[Test worker] INFO net.thucydides.core.steps.ConsoleLoggingListener - FINISHING STEP
[Test worker] INFO net.thucydides.core.steps.ConsoleLoggingListener - FINISHING STEP
[Test worker] INFO net.thucydides.core.steps.ConsoleLoggingListener - STARTING STEP Entonces la calculadora informara el resultado de la resta entre los dos numeros proporcionados
[Test worker] INFO net.thucydides.core.steps.ConsoleLoggingListener - STARTING STEP For Carlos: La respuesta debe ser 200
[Test worker] INFO net.thucydides.core.steps.ConsoleLoggingListener - FINISHING STEP
[Test worker] INFO net.thucydides.core.steps.ConsoleLoggingListener - FINISHING STEP
]]></system-err>
</testsuite>
